#! /usr/bin/vvp
:ivl_version "11.0 (stable)";
:ivl_delay_selection "TYPICAL";
:vpi_time_precision - 9;
:vpi_module "/usr/lib/x86_64-linux-gnu/ivl/system.vpi";
:vpi_module "/usr/lib/x86_64-linux-gnu/ivl/vhdl_sys.vpi";
:vpi_module "/usr/lib/x86_64-linux-gnu/ivl/vhdl_textio.vpi";
:vpi_module "/usr/lib/x86_64-linux-gnu/ivl/v2005_math.vpi";
:vpi_module "/usr/lib/x86_64-linux-gnu/ivl/va_math.vpi";
S_0x6035916d31c0 .scope module, "CLK_GEN" "CLK_GEN" 2 2;
 .timescale -9 -9;
    .port_info 0 /INPUT 4 "half_of_period";
    .port_info 1 /OUTPUT 1 "clk";
v0x6035916d4fa0_0 .var "c", 7 0;
v0x60359171c9c0_0 .net "clk", 0 0, L_0x60359171cc80;  1 drivers
o0x76372fb9f078 .functor BUFZ 4, C4<zzzz>; HiZ drive
v0x60359171ca80_0 .net "half_of_period", 3 0, o0x76372fb9f078;  0 drivers
v0x60359171cb40_0 .var "temp", 3 0;
L_0x60359171cc80 .part v0x6035916d4fa0_0, 0, 1;
    .scope S_0x6035916d31c0;
T_0 ;
    %load/vec4 v0x60359171ca80_0;
    %parti/s 1, 0, 2;
    %cmpi/e 0, 1, 1;
    %flag_mov 8, 4;
    %load/vec4 v0x60359171ca80_0;
    %parti/s 1, 1, 2;
    %cmpi/e 0, 1, 1;
    %flag_or 4, 8;
    %flag_mov 8, 4;
    %load/vec4 v0x60359171ca80_0;
    %parti/s 1, 2, 3;
    %cmpi/e 0, 1, 1;
    %flag_or 4, 8;
    %jmp/0xz  T_0.0, 4;
    %pushi/vec4 255, 0, 8;
    %store/vec4 v0x6035916d4fa0_0, 0, 8;
T_0.0 ;
    %pushi/vec4 0, 0, 8;
    %store/vec4 v0x6035916d4fa0_0, 0, 8;
T_0.2 ;
    %load/vec4 v0x6035916d4fa0_0;
    %cmpi/u 255, 0, 8;
    %jmp/0xz T_0.3, 5;
    %pushi/vec4 0, 0, 4;
    %store/vec4 v0x60359171cb40_0, 0, 4;
T_0.4 ;
    %load/vec4 v0x60359171cb40_0;
    %load/vec4 v0x60359171ca80_0;
    %cmp/u;
    %jmp/0xz T_0.5, 5;
    %delay 1, 0;
    %load/vec4 v0x60359171cb40_0;
    %addi 1, 0, 4;
    %store/vec4 v0x60359171cb40_0, 0, 4;
    %jmp T_0.4;
T_0.5 ;
    %load/vec4 v0x6035916d4fa0_0;
    %addi 1, 0, 8;
    %store/vec4 v0x6035916d4fa0_0, 0, 8;
    %jmp T_0.2;
T_0.3 ;
    %end;
    .thread T_0;
# The file index is used to find the file name in the following table.
:file_names 3;
    "N/A";
    "<interactive>";
    "clk_gen.v";
