Running: /opt/Xilinx/14.7/ISE_DS/ISE/bin/lin64/unwrapped/fuse -intstyle ise -incremental -lib unisims_ver -lib unimacro_ver -lib xilinxcorelib_ver -o /mnt/sda1/DOC/23-24_HK02/ICSD/MIDTERM_PRJECT/SPI_INTERFACE/SPI_Interface_isim_beh.exe -prj /mnt/sda1/DOC/23-24_HK02/ICSD/MIDTERM_PRJECT/SPI_INTERFACE/SPI_Interface_beh.prj work.SPI_Interface work.glbl 
ISim P.20131013 (signature 0xfbc00daa)
Number of CPUs detected in this system: 8
Turning on mult-threading, number of parallel sub-compilation jobs: 16 
Determining compilation order of HDL files
Analyzing Verilog file "/mnt/sda1/DOC/23-24_HK02/ICSD/MIDTERM_PRJECT/SPI_INTERFACE/SPI_Interface.v" into library work
Analyzing Verilog file "/opt/Xilinx/14.7/ISE_DS/ISE//verilog/src/glbl.v" into library work
Starting static elaboration
WARNING:HDLCompiler:1016 - "/mnt/sda1/DOC/23-24_HK02/ICSD/MIDTERM_PRJECT/SPI_INTERFACE/SPI_Interface.v" Line 49: Port S_DATA_IN is not connected to this instance
WARNING:HDLCompiler:1016 - "/mnt/sda1/DOC/23-24_HK02/ICSD/MIDTERM_PRJECT/SPI_INTERFACE/SPI_Interface.v" Line 58: Port S_DATA_IN is not connected to this instance
WARNING:HDLCompiler:1016 - "/mnt/sda1/DOC/23-24_HK02/ICSD/MIDTERM_PRJECT/SPI_INTERFACE/SPI_Interface.v" Line 86: Port SENDER_BUFFER_FULL_STATE is not connected to this instance
WARNING:HDLCompiler:1016 - "/mnt/sda1/DOC/23-24_HK02/ICSD/MIDTERM_PRJECT/SPI_INTERFACE/SPI_Interface.v" Line 101: Port STATUS is not connected to this instance
Completed static elaboration
Fuse Memory Usage: 83608 KB
Fuse CPU Usage: 1130 ms
Compiling module d_ff
Compiling module SHIFT_REGISTER_4BIT
Compiling module SHIFT_REGISTER_8BIT
Compiling module SENDER
Compiling module RECEIVER
Compiling module STATUS_COMBINATION
Compiling module CONTROL_COMBINATION
Compiling module SPI_Interface
Compiling module glbl
Time Resolution for simulation is 1ps.
Waiting for 1 sub-compilation(s) to finish...
Compiled 9 Verilog Units
Built simulation executable /mnt/sda1/DOC/23-24_HK02/ICSD/MIDTERM_PRJECT/SPI_INTERFACE/SPI_Interface_isim_beh.exe
Fuse Memory Usage: 1168016 KB
Fuse CPU Usage: 1170 ms
GCC CPU Usage: 1320 ms
