Release 14.7 - xst P.20131013 (lin64)
Copyright (c) 1995-2013 Xilinx, Inc.  All rights reserved.
--> 
Parameter TMPDIR set to xst/projnav.tmp


Total REAL time to Xst completion: 0.00 secs
Total CPU time to Xst completion: 0.04 secs
 
--> 
Parameter xsthdpdir set to xst


Total REAL time to Xst completion: 0.00 secs
Total CPU time to Xst completion: 0.04 secs
 
--> 
Reading design: SPI_Interface.prj

TABLE OF CONTENTS
  1) Synthesis Options Summary
  2) HDL Compilation
  3) Design Hierarchy Analysis
  4) HDL Analysis
  5) HDL Synthesis
     5.1) HDL Synthesis Report
  6) Advanced HDL Synthesis
     6.1) Advanced HDL Synthesis Report
  7) Low Level Synthesis
  8) Partition Report
  9) Final Report
	9.1) Device utilization summary
	9.2) Partition Resource Summary
	9.3) TIMING REPORT


=========================================================================
*                      Synthesis Options Summary                        *
=========================================================================
---- Source Parameters
Input File Name                    : "SPI_Interface.prj"
Input Format                       : mixed
Ignore Synthesis Constraint File   : NO

---- Target Parameters
Output File Name                   : "SPI_Interface"
Output Format                      : NGC
Target Device                      : xc3s500e-4-fg320

---- Source Options
Top Module Name                    : SPI_Interface
Automatic FSM Extraction           : YES
FSM Encoding Algorithm             : Auto
Safe Implementation                : No
FSM Style                          : LUT
RAM Extraction                     : Yes
RAM Style                          : Auto
ROM Extraction                     : Yes
Mux Style                          : Auto
Decoder Extraction                 : YES
Priority Encoder Extraction        : Yes
Shift Register Extraction          : YES
Logical Shifter Extraction         : YES
XOR Collapsing                     : YES
ROM Style                          : Auto
Mux Extraction                     : Yes
Resource Sharing                   : YES
Asynchronous To Synchronous        : NO
Multiplier Style                   : Auto
Automatic Register Balancing       : No

---- Target Options
Add IO Buffers                     : YES
Global Maximum Fanout              : 100000
Add Generic Clock Buffer(BUFG)     : 24
Register Duplication               : YES
Slice Packing                      : YES
Optimize Instantiated Primitives   : NO
Use Clock Enable                   : Yes
Use Synchronous Set                : Yes
Use Synchronous Reset              : Yes
Pack IO Registers into IOBs        : Auto
Equivalent register Removal        : YES

---- General Options
Optimization Goal                  : Speed
Optimization Effort                : 1
Keep Hierarchy                     : No
Netlist Hierarchy                  : As_Optimized
RTL Output                         : Yes
Global Optimization                : AllClockNets
Read Cores                         : YES
Write Timing Constraints           : NO
Cross Clock Analysis               : NO
Hierarchy Separator                : /
Bus Delimiter                      : <>
Case Specifier                     : Maintain
Slice Utilization Ratio            : 100
BRAM Utilization Ratio             : 100
Verilog 2001                       : YES
Auto BRAM Packing                  : NO
Slice Utilization Ratio Delta      : 5

=========================================================================


=========================================================================
*                          HDL Compilation                              *
=========================================================================
Compiling verilog file "SPI_Interface.v" in library work
Compiling verilog include file "sender_receiver.v"
Compiling verilog include file "shift_register_8bit.v"
Compiling verilog include file "shift_register_4bit.v"
Compiling verilog include file "d_ff.v"
Module <d_ff> compiled
Module <SHIFT_REGISTER_4BIT> compiled
Module <SHIFT_REGISTER_8BIT> compiled
Module <SENDER> compiled
Compiling verilog include file "control.v"
Module <RECEIVER> compiled
Compiling verilog include file "status.v"
Module <CONTROL_COMBINATION> compiled
Module <STATUS_COMBINATION> compiled
Module <SPI_Interface> compiled
No errors in compilation
Analysis of file <"SPI_Interface.prj"> succeeded.
 

=========================================================================
*                     Design Hierarchy Analysis                         *
=========================================================================
Analyzing hierarchy for module <SPI_Interface> in library <work>.

Analyzing hierarchy for module <SHIFT_REGISTER_8BIT> in library <work>.

Analyzing hierarchy for module <SENDER> in library <work>.

Analyzing hierarchy for module <RECEIVER> in library <work>.

Analyzing hierarchy for module <STATUS_COMBINATION> in library <work>.

Analyzing hierarchy for module <CONTROL_COMBINATION> in library <work>.

Analyzing hierarchy for module <SHIFT_REGISTER_4BIT> in library <work>.

Analyzing hierarchy for module <SHIFT_REGISTER_8BIT> in library <work>.

Analyzing hierarchy for module <d_ff> in library <work>.

Analyzing hierarchy for module <SHIFT_REGISTER_4BIT> in library <work>.

Analyzing hierarchy for module <SHIFT_REGISTER_4BIT> in library <work>.

Analyzing hierarchy for module <d_ff> in library <work>.


=========================================================================
*                            HDL Analysis                               *
=========================================================================
Analyzing top module <SPI_Interface>.
WARNING:Xst:852 - "SPI_Interface.v" line 49: Unconnected input port 'S_DATA_IN' of instance 'SENDER_BUFFER' is tied to GND.
WARNING:Xst:852 - "SPI_Interface.v" line 58: Unconnected input port 'S_DATA_IN' of instance 'RECEIVER_BUFFER' is tied to GND.
WARNING:Xst:852 - "SPI_Interface.v" line 86: Unconnected input port 'SENDER_BUFFER_FULL_STATE' of instance 'status' is tied to GND.
WARNING:Xst:852 - "SPI_Interface.v" line 86: Unconnected input port 'RECEIVER_BUFFER_FULL_STATE' of instance 'status' is tied to GND.
WARNING:Xst:852 - "SPI_Interface.v" line 86: Unconnected input port 'RECEIVER_READ' of instance 'status' is tied to GND.
WARNING:Xst:852 - "SPI_Interface.v" line 101: Unconnected input port 'STATUS' of instance 'control' is tied to GND.
WARNING:Xst:852 - "SPI_Interface.v" line 101: Unconnected input port 'MS_MODE' of instance 'control' is tied to GND.
Module <SPI_Interface> is correct for synthesis.
 
Analyzing module <SHIFT_REGISTER_8BIT> in library <work>.
Module <SHIFT_REGISTER_8BIT> is correct for synthesis.
 
Analyzing module <SHIFT_REGISTER_4BIT> in library <work>.
Module <SHIFT_REGISTER_4BIT> is correct for synthesis.
 
Analyzing module <d_ff> in library <work>.
Module <d_ff> is correct for synthesis.
 
Analyzing module <SENDER> in library <work>.
WARNING:Xst:905 - "sender_receiver.v" line 33: One or more signals are missing in the sensitivity list of always block. To enable synthesis of FPGA/CPLD hardware, XST will assume that all necessary signals are present in the sensitivity list. Please note that the result of the synthesis may differ from the initial design specification. The missing signals are:
   <TE>, <HIGH>, <EMPTY_STATE>, <LOW>
WARNING:Xst:916 - "sender_receiver.v" line 40: Delay is ignored for synthesis.
WARNING:Xst:905 - "sender_receiver.v" line 40: One or more signals are missing in the sensitivity list of always block. To enable synthesis of FPGA/CPLD hardware, XST will assume that all necessary signals are present in the sensitivity list. Please note that the result of the synthesis may differ from the initial design specification. The missing signals are:
   <TE>
Module <SENDER> is correct for synthesis.
 
Analyzing module <RECEIVER> in library <work>.
WARNING:Xst:905 - "sender_receiver.v" line 82: One or more signals are missing in the sensitivity list of always block. To enable synthesis of FPGA/CPLD hardware, XST will assume that all necessary signals are present in the sensitivity list. Please note that the result of the synthesis may differ from the initial design specification. The missing signals are:
   <HIGH>, <RE>, <FULL_STATE>
WARNING:Xst:916 - "sender_receiver.v" line 89: Delay is ignored for synthesis.
WARNING:Xst:905 - "sender_receiver.v" line 89: One or more signals are missing in the sensitivity list of always block. To enable synthesis of FPGA/CPLD hardware, XST will assume that all necessary signals are present in the sensitivity list. Please note that the result of the synthesis may differ from the initial design specification. The missing signals are:
   <RE>, <FULL_STATE>, <READ>
Module <RECEIVER> is correct for synthesis.
 
Analyzing module <STATUS_COMBINATION> in library <work>.
WARNING:Xst:905 - "status.v" line 39: One or more signals are missing in the sensitivity list of always block. To enable synthesis of FPGA/CPLD hardware, XST will assume that all necessary signals are present in the sensitivity list. Please note that the result of the synthesis may differ from the initial design specification. The missing signals are:
   <HIGH>, <LOW>
WARNING:Xst:905 - "status.v" line 47: One or more signals are missing in the sensitivity list of always block. To enable synthesis of FPGA/CPLD hardware, XST will assume that all necessary signals are present in the sensitivity list. Please note that the result of the synthesis may differ from the initial design specification. The missing signals are:
   <LOW>, <HIGH>, <CLR>
Module <STATUS_COMBINATION> is correct for synthesis.
 
Analyzing module <CONTROL_COMBINATION> in library <work>.
WARNING:Xst:2320 - "control.v" line 39: Value for signal TE in initial block is not constant. The initialization will be ignored.
WARNING:Xst:2320 - "control.v" line 40: Value for signal RE in initial block is not constant. The initialization will be ignored.
WARNING:Xst:916 - "control.v" line 54: Delay is ignored for synthesis.
WARNING:Xst:916 - "control.v" line 56: Delay is ignored for synthesis.
WARNING:Xst:916 - "control.v" line 61: Delay is ignored for synthesis.
WARNING:Xst:905 - "control.v" line 45: One or more signals are missing in the sensitivity list of always block. To enable synthesis of FPGA/CPLD hardware, XST will assume that all necessary signals are present in the sensitivity list. Please note that the result of the synthesis may differ from the initial design specification. The missing signals are:
   <HIGH>, <LOW>
WARNING:Xst:905 - "control.v" line 67: One or more signals are missing in the sensitivity list of always block. To enable synthesis of FPGA/CPLD hardware, XST will assume that all necessary signals are present in the sensitivity list. Please note that the result of the synthesis may differ from the initial design specification. The missing signals are:
   <LOW>, <CONTROL>, <HIGH>
WARNING:Xst:916 - "control.v" line 97: Delay is ignored for synthesis.
WARNING:Xst:916 - "control.v" line 99: Delay is ignored for synthesis.
WARNING:Xst:915 - Message (916) is reported only 5 times for each module.
WARNING:Xst:905 - "control.v" line 85: One or more signals are missing in the sensitivity list of always block. To enable synthesis of FPGA/CPLD hardware, XST will assume that all necessary signals are present in the sensitivity list. Please note that the result of the synthesis may differ from the initial design specification. The missing signals are:
   <HIGH>, <LOW>
WARNING:Xst:905 - "control.v" line 110: One or more signals are missing in the sensitivity list of always block. To enable synthesis of FPGA/CPLD hardware, XST will assume that all necessary signals are present in the sensitivity list. Please note that the result of the synthesis may differ from the initial design specification. The missing signals are:
   <CONTROL>, <HIGH>, <LOW>
Module <CONTROL_COMBINATION> is correct for synthesis.
 

=========================================================================
*                           HDL Synthesis                               *
=========================================================================

Performing bidirectional port resolution...

Synthesizing Unit <STATUS_COMBINATION>.
    Related source file is "status.v".
WARNING:Xst:647 - Input <CLR> is never used. This port will be preserved and left unconnected if it belongs to a top-level block or it belongs to a sub-block and the hierarchy of this sub-block is preserved.
WARNING:Xst:647 - Input <S_CLK> is never used. This port will be preserved and left unconnected if it belongs to a top-level block or it belongs to a sub-block and the hierarchy of this sub-block is preserved.
WARNING:Xst:647 - Input <RECEIVER_READ> is never used. This port will be preserved and left unconnected if it belongs to a top-level block or it belongs to a sub-block and the hierarchy of this sub-block is preserved.
WARNING:Xst:646 - Signal <HIGH_IMDEDANCE> is assigned but never used. This unconnected signal will be trimmed during the optimization process.
Unit <STATUS_COMBINATION> synthesized.


Synthesizing Unit <CONTROL_COMBINATION>.
    Related source file is "control.v".
WARNING:Xst:647 - Input <CONTROL<7>> is never used. This port will be preserved and left unconnected if it belongs to a top-level block or it belongs to a sub-block and the hierarchy of this sub-block is preserved.
WARNING:Xst:647 - Input <CONTROL<3>> is never used. This port will be preserved and left unconnected if it belongs to a top-level block or it belongs to a sub-block and the hierarchy of this sub-block is preserved.
WARNING:Xst:647 - Input <STATUS<6:4>> is never used. This port will be preserved and left unconnected if it belongs to a top-level block or it belongs to a sub-block and the hierarchy of this sub-block is preserved.
WARNING:Xst:647 - Input <STATUS<0>> is never used. This port will be preserved and left unconnected if it belongs to a top-level block or it belongs to a sub-block and the hierarchy of this sub-block is preserved.
WARNING:Xst:1305 - Output <RECEIVER_BUFFER_SH_LD> is never assigned. Tied to value 0.
WARNING:Xst:653 - Signal <SENDER_CLR_FROM_BUFFER> is used but never assigned. This sourceless signal will be automatically connected to value 0.
WARNING:Xst:737 - Found 1-bit latch for signal <SENDER_BUFFER_FULL_STATE>. Latches may be generated from incomplete case or if statements. We do not recommend the use of latches in FPGA/CPLD designs, as they may lead to timing problems.
WARNING:Xst:737 - Found 1-bit latch for signal <SENDER_WRITE>. Latches may be generated from incomplete case or if statements. We do not recommend the use of latches in FPGA/CPLD designs, as they may lead to timing problems.
WARNING:Xst:737 - Found 1-bit latch for signal <RECEIVER_BUFFER_FULL_STATE>. Latches may be generated from incomplete case or if statements. We do not recommend the use of latches in FPGA/CPLD designs, as they may lead to timing problems.
WARNING:Xst:737 - Found 1-bit latch for signal <RECEIVER_READ>. Latches may be generated from incomplete case or if statements. We do not recommend the use of latches in FPGA/CPLD designs, as they may lead to timing problems.
    Found 1-bit tristate buffer for signal <S_CLK>.
    Summary:
	inferred   1 Tristate(s).
Unit <CONTROL_COMBINATION> synthesized.


Synthesizing Unit <d_ff>.
    Related source file is "d_ff.v".
    Found 1-bit register for signal <Q>.
    Summary:
	inferred   1 D-type flip-flop(s).
Unit <d_ff> synthesized.


Synthesizing Unit <SHIFT_REGISTER_4BIT>.
    Related source file is "shift_register_4bit.v".
Unit <SHIFT_REGISTER_4BIT> synthesized.


Synthesizing Unit <SHIFT_REGISTER_8BIT>.
    Related source file is "shift_register_8bit.v".
Unit <SHIFT_REGISTER_8BIT> synthesized.


Synthesizing Unit <SENDER>.
    Related source file is "sender_receiver.v".
WARNING:Xst:646 - Signal <P_DATA_OUT<7:1>> is assigned but never used. This unconnected signal will be trimmed during the optimization process.
INFO:Xst:1608 - Relative priorities of control signals on register <COUNT_SENT> differ from those commonly found in the selected device family. This will result in additional logic around the register.
WARNING:Xst:737 - Found 4-bit latch for signal <COUNT_SENT>. Latches may be generated from incomplete case or if statements. We do not recommend the use of latches in FPGA/CPLD designs, as they may lead to timing problems.
    Found 4-bit adder for signal <COUNT_SENT$add0000> created at line 38.
    Summary:
	inferred   1 Adder/Subtractor(s).
Unit <SENDER> synthesized.


Synthesizing Unit <RECEIVER>.
    Related source file is "sender_receiver.v".
WARNING:Xst:737 - Found 4-bit latch for signal <COUNT_RECEIVED>. Latches may be generated from incomplete case or if statements. We do not recommend the use of latches in FPGA/CPLD designs, as they may lead to timing problems.
    Found 8-bit tristate buffer for signal <DATA>.
    Found 8-bit tristate buffer for signal <$const0000>.
    Found 4-bit adder for signal <COUNT_RECEIVED$add0000> created at line 86.
    Summary:
	inferred   1 Adder/Subtractor(s).
	inferred  16 Tristate(s).
Unit <RECEIVER> synthesized.


Synthesizing Unit <SPI_Interface>.
    Related source file is "SPI_Interface.v".
WARNING:Xst:2565 - Inout <CS> is never assigned.
WARNING:Xst:646 - Signal <S_LCK> is assigned but never used. This unconnected signal will be trimmed during the optimization process.
WARNING:Xst:646 - Signal <SENDER_REG_FULL> is assigned but never used. This unconnected signal will be trimmed during the optimization process.
WARNING:Xst:653 - Signal <SENDER_FULL_STATE> is used but never assigned. This sourceless signal will be automatically connected to value 0.
WARNING:Xst:646 - Signal <SENDER_BUFFER_FULL_STATE> is assigned but never used. This unconnected signal will be trimmed during the optimization process.
WARNING:Xst:646 - Signal <RECEIVER_BUFFER_FULL_STATE> is assigned but never used. This unconnected signal will be trimmed during the optimization process.
    Found 8-bit tristate buffer for signal <OUTCOMING_DATA>.
    Summary:
	inferred   8 Tristate(s).
Unit <SPI_Interface> synthesized.


=========================================================================
HDL Synthesis Report

Macro Statistics
# Adders/Subtractors                                   : 2
 4-bit adder                                           : 2
# Registers                                            : 32
 1-bit register                                        : 32
# Latches                                              : 6
 1-bit latch                                           : 4
 4-bit latch                                           : 2
# Tristates                                            : 10
 1-bit tristate buffer                                 : 8
 8-bit tristate buffer                                 : 2

=========================================================================

=========================================================================
*                       Advanced HDL Synthesis                          *
=========================================================================


=========================================================================
Advanced HDL Synthesis Report

Macro Statistics
# Adders/Subtractors                                   : 2
 4-bit adder                                           : 2
# Registers                                            : 32
 Flip-Flops                                            : 32
# Latches                                              : 6
 1-bit latch                                           : 4
 4-bit latch                                           : 2

=========================================================================

=========================================================================
*                         Low Level Synthesis                           *
=========================================================================
WARNING:Xst:2677 - Node <control/SENDER_BUFFER_FULL_STATE> of sequential type is unconnected in block <SPI_Interface>.
WARNING:Xst:2677 - Node <control/RECEIVER_BUFFER_FULL_STATE> of sequential type is unconnected in block <SPI_Interface>.
WARNING:Xst:2042 - Unit RECEIVER: 8 internal tristates are replaced by logic (pull-up yes): DATA<0>, DATA<1>, DATA<2>, DATA<3>, DATA<4>, DATA<5>, DATA<6>, DATA<7>.

Optimizing unit <SPI_Interface> ...

Optimizing unit <SHIFT_REGISTER_4BIT> ...

Optimizing unit <SENDER> ...

Optimizing unit <RECEIVER> ...

Mapping all equations...
Building and optimizing final netlist ...
Found area constraint ratio of 100 (+ 5) on block SPI_Interface, actual ratio is 1.
FlipFlop RECEIVER_BUFFER/shift_register_0/dff0/Q has been replicated 1 time(s) to handle iob=true attribute.

Final Macro Processing ...

=========================================================================
Final Register Report

Macro Statistics
# Registers                                            : 33
 Flip-Flops                                            : 33

=========================================================================

=========================================================================
*                           Partition Report                            *
=========================================================================

Partition Implementation Status
-------------------------------

  No Partitions were found in this design.

-------------------------------

=========================================================================
*                            Final Report                               *
=========================================================================
Final Results
RTL Top Level Output File Name     : SPI_Interface.ngr
Top Level Output File Name         : SPI_Interface
Output Format                      : NGC
Optimization Goal                  : Speed
Keep Hierarchy                     : No

Design Statistics
# IOs                              : 41

Cell Usage :
# BELS                             : 71
#      GND                         : 1
#      INV                         : 4
#      LUT2                        : 8
#      LUT3                        : 50
#      LUT4                        : 7
#      VCC                         : 1
# FlipFlops/Latches                : 43
#      FDCP                        : 33
#      LD_1                        : 2
#      LDCE                        : 7
#      LDCPE                       : 1
# Clock Buffers                    : 3
#      BUFG                        : 3
# IO Buffers                       : 32
#      IBUF                        : 15
#      OBUF                        : 9
#      OBUFT                       : 8
=========================================================================

Device utilization summary:
---------------------------

Selected Device : 3s500efg320-4 

 Number of Slices:                       40  out of   4656     0%  
 Number of Slice Flip Flops:             42  out of   9312     0%  
 Number of 4 input LUTs:                 69  out of   9312     0%  
 Number of IOs:                          41
 Number of bonded IOBs:                  32  out of    232    13%  
    IOB Flip Flops:                       1
 Number of GCLKs:                         3  out of     24    12%  

---------------------------
Partition Resource Summary:
---------------------------

  No Partitions were found in this design.

---------------------------


=========================================================================
TIMING REPORT

NOTE: THESE TIMING NUMBERS ARE ONLY A SYNTHESIS ESTIMATE.
      FOR ACCURATE TIMING INFORMATION PLEASE REFER TO THE TRACE REPORT
      GENERATED AFTER PLACE-and-ROUTE.

Clock Information:
------------------
-------------------------------------------------------------------+------------------------------------------------------------------+-------+
Clock Signal                                                       | Clock buffer(FF name)                                            | Load  |
-------------------------------------------------------------------+------------------------------------------------------------------+-------+
WRITE                                                              | IBUF+BUFG                                                        | 1     |
READ                                                               | IBUF+BUFG                                                        | 1     |
CONNECTION_FAILED_STATE                                            | NONE(SENDER_BUFFER/shift_register_0/dff0/Q)                      | 17    |
sender/SHIFT_CLK(sender/SHIFT_CLK1:O)                              | NONE(*)(sender/sender_shift_register/shift_register_1/dff3/Q)    | 8     |
CONTROL<2>                                                         | IBUF+BUFG                                                        | 4     |
receiver/SHIFT_CLK(receiver/SHIFT_CLK1:O)                          | NONE(*)(receiver/receiver_shift_register/shift_register_1/dff3/Q)| 8     |
receiver/COUNT_RECEIVED_and0000(receiver/COUNT_RECEIVED_and00001:O)| NONE(*)(receiver/COUNT_RECEIVED_3)                               | 4     |
-------------------------------------------------------------------+------------------------------------------------------------------+-------+
(*) These 3 clock signal(s) are generated by combinatorial logic,
and XST is not able to identify which are the primary clock signals.
Please use the CLOCK_SIGNAL constraint to specify the clock signal(s) generated by combinatorial logic.
INFO:Xst:2169 - HDL ADVISOR - Some clock signals were not automatically buffered by XST with BUFG/BUFR resources. Please use the buffer_type constraint in order to insert these buffers to the clock signals to help prevent skew problems.

Asynchronous Control Signals Information:
----------------------------------------
------------------------------------------------------------------------------------------------------------------------+---------------------------------------------------------------+-------+
Control Signal                                                                                                          | Buffer(FF name)                                               | Load  |
------------------------------------------------------------------------------------------------------------------------+---------------------------------------------------------------+-------+
CLR                                                                                                                     | IBUF                                                          | 9     |
CONNECTION_FAILED_STATE(XST_GND:G)                                                                                      | NONE(receiver/receiver_shift_register/shift_register_0/dff0/Q)| 8     |
receiver/COUNT_RECEIVED_or0000(receiver/COUNT_RECEIVED_or00001:O)                                                       | NONE(receiver/COUNT_RECEIVED_0)                               | 4     |
sender/COUNT_SENT_Q_0_or0000(sender/COUNT_SENT_Q_0_or00001:O)                                                           | NONE(sender/COUNT_SENT_0)                                     | 3     |
RECEIVER_BUFFER/shift_register_0/D_CLR<0>(RECEIVER_BUFFER/shift_register_0/D_CLR_0_or00001:O)                           | NONE(RECEIVER_BUFFER/shift_register_0/dff0/Q)                 | 2     |
RECEIVER_BUFFER/shift_register_0/D_PRE<0>(RECEIVER_BUFFER/shift_register_0/D_PRE_0_and00001:O)                          | NONE(RECEIVER_BUFFER/shift_register_0/dff0/Q)                 | 2     |
RECEIVER_BUFFER/shift_register_0/D_CLR<1>(RECEIVER_BUFFER/shift_register_0/D_CLR_1_or00001:O)                           | NONE(RECEIVER_BUFFER/shift_register_0/dff1/Q)                 | 1     |
RECEIVER_BUFFER/shift_register_0/D_CLR<2>(RECEIVER_BUFFER/shift_register_0/D_CLR_2_or00001:O)                           | NONE(RECEIVER_BUFFER/shift_register_0/dff2/Q)                 | 1     |
RECEIVER_BUFFER/shift_register_0/D_CLR<3>(RECEIVER_BUFFER/shift_register_0/D_CLR_3_or00001:O)                           | NONE(RECEIVER_BUFFER/shift_register_0/dff3/Q)                 | 1     |
RECEIVER_BUFFER/shift_register_0/D_PRE<1>(RECEIVER_BUFFER/shift_register_0/D_PRE_1_and00001:O)                          | NONE(RECEIVER_BUFFER/shift_register_0/dff1/Q)                 | 1     |
RECEIVER_BUFFER/shift_register_0/D_PRE<2>(RECEIVER_BUFFER/shift_register_0/D_PRE_2_and00001:O)                          | NONE(RECEIVER_BUFFER/shift_register_0/dff2/Q)                 | 1     |
RECEIVER_BUFFER/shift_register_0/D_PRE<3>(RECEIVER_BUFFER/shift_register_0/D_PRE_3_and00001:O)                          | NONE(RECEIVER_BUFFER/shift_register_0/dff3/Q)                 | 1     |
RECEIVER_BUFFER/shift_register_1/D_CLR<0>(RECEIVER_BUFFER/shift_register_1/D_CLR_0_or00001:O)                           | NONE(RECEIVER_BUFFER/shift_register_1/dff0/Q)                 | 1     |
RECEIVER_BUFFER/shift_register_1/D_CLR<1>(RECEIVER_BUFFER/shift_register_1/D_CLR_1_or00001:O)                           | NONE(RECEIVER_BUFFER/shift_register_1/dff1/Q)                 | 1     |
RECEIVER_BUFFER/shift_register_1/D_CLR<2>(RECEIVER_BUFFER/shift_register_1/D_CLR_2_or00001:O)                           | NONE(RECEIVER_BUFFER/shift_register_1/dff2/Q)                 | 1     |
RECEIVER_BUFFER/shift_register_1/D_CLR<3>(RECEIVER_BUFFER/shift_register_1/D_CLR_3_or00001:O)                           | NONE(RECEIVER_BUFFER/shift_register_1/dff3/Q)                 | 1     |
RECEIVER_BUFFER/shift_register_1/D_PRE<0>(RECEIVER_BUFFER/shift_register_1/D_PRE_0_and00001:O)                          | NONE(RECEIVER_BUFFER/shift_register_1/dff0/Q)                 | 1     |
RECEIVER_BUFFER/shift_register_1/D_PRE<1>(RECEIVER_BUFFER/shift_register_1/D_PRE_1_and00001:O)                          | NONE(RECEIVER_BUFFER/shift_register_1/dff1/Q)                 | 1     |
RECEIVER_BUFFER/shift_register_1/D_PRE<2>(RECEIVER_BUFFER/shift_register_1/D_PRE_2_and00001:O)                          | NONE(RECEIVER_BUFFER/shift_register_1/dff2/Q)                 | 1     |
RECEIVER_BUFFER/shift_register_1/D_PRE<3>(RECEIVER_BUFFER/shift_register_1/D_PRE_3_and00001:O)                          | NONE(RECEIVER_BUFFER/shift_register_1/dff3/Q)                 | 1     |
SENDER_BUFFER/shift_register_0/D_CLR<0>(SENDER_BUFFER/shift_register_0/D_CLR_0_or00001:O)                               | NONE(SENDER_BUFFER/shift_register_0/dff0/Q)                   | 1     |
SENDER_BUFFER/shift_register_0/D_CLR<1>(SENDER_BUFFER/shift_register_0/D_CLR_1_or00001:O)                               | NONE(SENDER_BUFFER/shift_register_0/dff1/Q)                   | 1     |
SENDER_BUFFER/shift_register_0/D_CLR<2>(SENDER_BUFFER/shift_register_0/D_CLR_2_or00001:O)                               | NONE(SENDER_BUFFER/shift_register_0/dff2/Q)                   | 1     |
SENDER_BUFFER/shift_register_0/D_CLR<3>(SENDER_BUFFER/shift_register_0/D_CLR_3_or00001:O)                               | NONE(SENDER_BUFFER/shift_register_0/dff3/Q)                   | 1     |
SENDER_BUFFER/shift_register_0/D_PRE<0>(SENDER_BUFFER/shift_register_0/D_PRE_0_and00001:O)                              | NONE(SENDER_BUFFER/shift_register_0/dff0/Q)                   | 1     |
SENDER_BUFFER/shift_register_0/D_PRE<1>(SENDER_BUFFER/shift_register_0/D_PRE_1_and00001:O)                              | NONE(SENDER_BUFFER/shift_register_0/dff1/Q)                   | 1     |
SENDER_BUFFER/shift_register_0/D_PRE<2>(SENDER_BUFFER/shift_register_0/D_PRE_2_and00001:O)                              | NONE(SENDER_BUFFER/shift_register_0/dff2/Q)                   | 1     |
SENDER_BUFFER/shift_register_0/D_PRE<3>(SENDER_BUFFER/shift_register_0/D_PRE_3_and00001:O)                              | NONE(SENDER_BUFFER/shift_register_0/dff3/Q)                   | 1     |
SENDER_BUFFER/shift_register_1/D_CLR<0>(SENDER_BUFFER/shift_register_1/D_CLR_0_or00001:O)                               | NONE(SENDER_BUFFER/shift_register_1/dff0/Q)                   | 1     |
SENDER_BUFFER/shift_register_1/D_CLR<1>(SENDER_BUFFER/shift_register_1/D_CLR_1_or00001:O)                               | NONE(SENDER_BUFFER/shift_register_1/dff1/Q)                   | 1     |
SENDER_BUFFER/shift_register_1/D_CLR<2>(SENDER_BUFFER/shift_register_1/D_CLR_2_or00001:O)                               | NONE(SENDER_BUFFER/shift_register_1/dff2/Q)                   | 1     |
SENDER_BUFFER/shift_register_1/D_CLR<3>(SENDER_BUFFER/shift_register_1/D_CLR_3_or00001:O)                               | NONE(SENDER_BUFFER/shift_register_1/dff3/Q)                   | 1     |
SENDER_BUFFER/shift_register_1/D_PRE<0>(SENDER_BUFFER/shift_register_1/D_PRE_0_and00001:O)                              | NONE(SENDER_BUFFER/shift_register_1/dff0/Q)                   | 1     |
SENDER_BUFFER/shift_register_1/D_PRE<1>(SENDER_BUFFER/shift_register_1/D_PRE_1_and00001:O)                              | NONE(SENDER_BUFFER/shift_register_1/dff1/Q)                   | 1     |
SENDER_BUFFER/shift_register_1/D_PRE<2>(SENDER_BUFFER/shift_register_1/D_PRE_2_and00001:O)                              | NONE(SENDER_BUFFER/shift_register_1/dff2/Q)                   | 1     |
SENDER_BUFFER/shift_register_1/D_PRE<3>(SENDER_BUFFER/shift_register_1/D_PRE_3_and00001:O)                              | NONE(SENDER_BUFFER/shift_register_1/dff3/Q)                   | 1     |
sender/COUNT_SENT_and0000(sender/COUNT_SENT_and00001:O)                                                                 | NONE(sender/COUNT_SENT_3)                                     | 1     |
sender/sender_shift_register/shift_register_0/D_CLR<0>(sender/sender_shift_register/shift_register_0/D_CLR_0_or00001:O) | NONE(sender/sender_shift_register/shift_register_0/dff0/Q)    | 1     |
sender/sender_shift_register/shift_register_0/D_CLR<1>(sender/sender_shift_register/shift_register_0/D_CLR_1_or00001:O) | NONE(sender/sender_shift_register/shift_register_0/dff1/Q)    | 1     |
sender/sender_shift_register/shift_register_0/D_CLR<2>(sender/sender_shift_register/shift_register_0/D_CLR_2_or00001:O) | NONE(sender/sender_shift_register/shift_register_0/dff2/Q)    | 1     |
sender/sender_shift_register/shift_register_0/D_CLR<3>(sender/sender_shift_register/shift_register_0/D_CLR_3_or00001:O) | NONE(sender/sender_shift_register/shift_register_0/dff3/Q)    | 1     |
sender/sender_shift_register/shift_register_0/D_PRE<0>(sender/sender_shift_register/shift_register_0/D_PRE_0_and00001:O)| NONE(sender/sender_shift_register/shift_register_0/dff0/Q)    | 1     |
sender/sender_shift_register/shift_register_0/D_PRE<1>(sender/sender_shift_register/shift_register_0/D_PRE_1_and00001:O)| NONE(sender/sender_shift_register/shift_register_0/dff1/Q)    | 1     |
sender/sender_shift_register/shift_register_0/D_PRE<2>(sender/sender_shift_register/shift_register_0/D_PRE_2_and00001:O)| NONE(sender/sender_shift_register/shift_register_0/dff2/Q)    | 1     |
sender/sender_shift_register/shift_register_0/D_PRE<3>(sender/sender_shift_register/shift_register_0/D_PRE_3_and00001:O)| NONE(sender/sender_shift_register/shift_register_0/dff3/Q)    | 1     |
sender/sender_shift_register/shift_register_1/D_CLR<0>(sender/sender_shift_register/shift_register_1/D_CLR_0_or00001:O) | NONE(sender/sender_shift_register/shift_register_1/dff0/Q)    | 1     |
sender/sender_shift_register/shift_register_1/D_CLR<1>(sender/sender_shift_register/shift_register_1/D_CLR_1_or00001:O) | NONE(sender/sender_shift_register/shift_register_1/dff1/Q)    | 1     |
sender/sender_shift_register/shift_register_1/D_CLR<2>(sender/sender_shift_register/shift_register_1/D_CLR_2_or00001:O) | NONE(sender/sender_shift_register/shift_register_1/dff2/Q)    | 1     |
sender/sender_shift_register/shift_register_1/D_CLR<3>(sender/sender_shift_register/shift_register_1/D_CLR_3_or00001:O) | NONE(sender/sender_shift_register/shift_register_1/dff3/Q)    | 1     |
sender/sender_shift_register/shift_register_1/D_PRE<0>(sender/sender_shift_register/shift_register_1/D_PRE_0_and00001:O)| NONE(sender/sender_shift_register/shift_register_1/dff0/Q)    | 1     |
sender/sender_shift_register/shift_register_1/D_PRE<1>(sender/sender_shift_register/shift_register_1/D_PRE_1_and00001:O)| NONE(sender/sender_shift_register/shift_register_1/dff1/Q)    | 1     |
sender/sender_shift_register/shift_register_1/D_PRE<2>(sender/sender_shift_register/shift_register_1/D_PRE_2_and00001:O)| NONE(sender/sender_shift_register/shift_register_1/dff2/Q)    | 1     |
sender/sender_shift_register/shift_register_1/D_PRE<3>(sender/sender_shift_register/shift_register_1/D_PRE_3_and00001:O)| NONE(sender/sender_shift_register/shift_register_1/dff3/Q)    | 1     |
------------------------------------------------------------------------------------------------------------------------+---------------------------------------------------------------+-------+

Timing Summary:
---------------
Speed Grade: -4

   Minimum period: 3.228ns (Maximum Frequency: 309.789MHz)
   Minimum input arrival time before clock: 1.946ns
   Maximum output required time after clock: 5.486ns
   Maximum combinational path delay: 6.398ns

Timing Detail:
--------------
All values displayed in nanoseconds (ns)

=========================================================================
Timing constraint: Default period analysis for Clock 'CONNECTION_FAILED_STATE'
  Clock period: 1.430ns (frequency: 699.301MHz)
  Total number of paths / destination ports: 14 / 14
-------------------------------------------------------------------------
Delay:               1.430ns (Levels of Logic = 0)
  Source:            SENDER_BUFFER/shift_register_0/dff0/Q (FF)
  Destination:       SENDER_BUFFER/shift_register_0/dff1/Q (FF)
  Source Clock:      CONNECTION_FAILED_STATE rising
  Destination Clock: CONNECTION_FAILED_STATE rising

  Data Path: SENDER_BUFFER/shift_register_0/dff0/Q to SENDER_BUFFER/shift_register_0/dff1/Q
                                Gate     Net
    Cell:in->out      fanout   Delay   Delay  Logical Name (Net Name)
    ----------------------------------------  ------------
     FDCP:C->Q             3   0.591   0.531  SENDER_BUFFER/shift_register_0/dff0/Q (SENDER_BUFFER/shift_register_0/dff0/Q)
     FDCP:D                    0.308          SENDER_BUFFER/shift_register_0/dff1/Q
    ----------------------------------------
    Total                      1.430ns (0.899ns logic, 0.531ns route)
                                       (62.9% logic, 37.1% route)

=========================================================================
Timing constraint: Default period analysis for Clock 'sender/SHIFT_CLK'
  Clock period: 1.319ns (frequency: 758.150MHz)
  Total number of paths / destination ports: 7 / 7
-------------------------------------------------------------------------
Delay:               1.319ns (Levels of Logic = 0)
  Source:            sender/sender_shift_register/shift_register_1/dff2/Q (FF)
  Destination:       sender/sender_shift_register/shift_register_1/dff3/Q (FF)
  Source Clock:      sender/SHIFT_CLK rising
  Destination Clock: sender/SHIFT_CLK rising

  Data Path: sender/sender_shift_register/shift_register_1/dff2/Q to sender/sender_shift_register/shift_register_1/dff3/Q
                                Gate     Net
    Cell:in->out      fanout   Delay   Delay  Logical Name (Net Name)
    ----------------------------------------  ------------
     FDCP:C->Q             1   0.591   0.420  sender/sender_shift_register/shift_register_1/dff2/Q (sender/sender_shift_register/shift_register_1/dff2/Q)
     FDCP:D                    0.308          sender/sender_shift_register/shift_register_1/dff3/Q
    ----------------------------------------
    Total                      1.319ns (0.899ns logic, 0.420ns route)
                                       (68.2% logic, 31.8% route)

=========================================================================
Timing constraint: Default period analysis for Clock 'CONTROL<2>'
  Clock period: 3.228ns (frequency: 309.789MHz)
  Total number of paths / destination ports: 26 / 8
-------------------------------------------------------------------------
Delay:               3.228ns (Levels of Logic = 1)
  Source:            sender/COUNT_SENT_3 (LATCH)
  Destination:       sender/COUNT_SENT_3 (LATCH)
  Source Clock:      CONTROL<2> falling
  Destination Clock: CONTROL<2> falling

  Data Path: sender/COUNT_SENT_3 to sender/COUNT_SENT_3
                                Gate     Net
    Cell:in->out      fanout   Delay   Delay  Logical Name (Net Name)
    ----------------------------------------  ------------
     LDCPE:G->Q            3   0.676   0.706  sender/COUNT_SENT_3 (sender/COUNT_SENT_3)
     LUT4:I0->O            4   0.704   0.587  sender/COUNT_SENT_0_0_not00001 (sender/COUNT_SENT_0_0_not0000)
     LDCE:GE                   0.555          sender/COUNT_SENT_0
    ----------------------------------------
    Total                      3.228ns (1.935ns logic, 1.293ns route)
                                       (59.9% logic, 40.1% route)

=========================================================================
Timing constraint: Default period analysis for Clock 'receiver/SHIFT_CLK'
  Clock period: 1.430ns (frequency: 699.301MHz)
  Total number of paths / destination ports: 7 / 7
-------------------------------------------------------------------------
Delay:               1.430ns (Levels of Logic = 0)
  Source:            receiver/receiver_shift_register/shift_register_1/dff2/Q (FF)
  Destination:       receiver/receiver_shift_register/shift_register_1/dff3/Q (FF)
  Source Clock:      receiver/SHIFT_CLK rising
  Destination Clock: receiver/SHIFT_CLK rising

  Data Path: receiver/receiver_shift_register/shift_register_1/dff2/Q to receiver/receiver_shift_register/shift_register_1/dff3/Q
                                Gate     Net
    Cell:in->out      fanout   Delay   Delay  Logical Name (Net Name)
    ----------------------------------------  ------------
     FDCP:C->Q             3   0.591   0.531  receiver/receiver_shift_register/shift_register_1/dff2/Q (receiver/receiver_shift_register/shift_register_1/dff2/Q)
     FDCP:D                    0.308          receiver/receiver_shift_register/shift_register_1/dff3/Q
    ----------------------------------------
    Total                      1.430ns (0.899ns logic, 0.531ns route)
                                       (62.9% logic, 37.1% route)

=========================================================================
Timing constraint: Default period analysis for Clock 'receiver/COUNT_RECEIVED_and0000'
  Clock period: 2.777ns (frequency: 360.101MHz)
  Total number of paths / destination ports: 10 / 4
-------------------------------------------------------------------------
Delay:               2.777ns (Levels of Logic = 1)
  Source:            receiver/COUNT_RECEIVED_0 (LATCH)
  Destination:       receiver/COUNT_RECEIVED_0 (LATCH)
  Source Clock:      receiver/COUNT_RECEIVED_and0000 falling
  Destination Clock: receiver/COUNT_RECEIVED_and0000 falling

  Data Path: receiver/COUNT_RECEIVED_0 to receiver/COUNT_RECEIVED_0
                                Gate     Net
    Cell:in->out      fanout   Delay   Delay  Logical Name (Net Name)
    ----------------------------------------  ------------
     LDCE:G->Q             6   0.676   0.669  receiver/COUNT_RECEIVED_0 (receiver/COUNT_RECEIVED_0)
     INV:I->O              1   0.704   0.420  receiver/Madd_COUNT_RECEIVED_add0000_xor<0>11_INV_0 (receiver/COUNT_RECEIVED_add0000<0>)
     LDCE:D                    0.308          receiver/COUNT_RECEIVED_0
    ----------------------------------------
    Total                      2.777ns (1.688ns logic, 1.089ns route)
                                       (60.8% logic, 39.2% route)

=========================================================================
Timing constraint: Default OFFSET IN BEFORE for Clock 'receiver/SHIFT_CLK'
  Total number of paths / destination ports: 1 / 1
-------------------------------------------------------------------------
Offset:              1.946ns (Levels of Logic = 1)
  Source:            MISO (PAD)
  Destination:       receiver/receiver_shift_register/shift_register_0/dff0/Q (FF)
  Destination Clock: receiver/SHIFT_CLK rising

  Data Path: MISO to receiver/receiver_shift_register/shift_register_0/dff0/Q
                                Gate     Net
    Cell:in->out      fanout   Delay   Delay  Logical Name (Net Name)
    ----------------------------------------  ------------
     IBUF:I->O             1   1.218   0.420  MISO_IBUF (MISO_IBUF)
     FDCP:D                    0.308          receiver/receiver_shift_register/shift_register_0/dff0/Q
    ----------------------------------------
    Total                      1.946ns (1.526ns logic, 0.420ns route)
                                       (78.4% logic, 21.6% route)

=========================================================================
Timing constraint: Default OFFSET OUT AFTER for Clock 'sender/SHIFT_CLK'
  Total number of paths / destination ports: 1 / 1
-------------------------------------------------------------------------
Offset:              5.486ns (Levels of Logic = 2)
  Source:            sender/sender_shift_register/shift_register_1/dff3/Q (FF)
  Destination:       MOSI (PAD)
  Source Clock:      sender/SHIFT_CLK rising

  Data Path: sender/sender_shift_register/shift_register_1/dff3/Q to MOSI
                                Gate     Net
    Cell:in->out      fanout   Delay   Delay  Logical Name (Net Name)
    ----------------------------------------  ------------
     FDCP:C->Q             1   0.591   0.499  sender/sender_shift_register/shift_register_1/dff3/Q (sender/sender_shift_register/shift_register_1/dff3/Q)
     LUT2:I1->O            1   0.704   0.420  sender/MOSI1 (MOSI_OBUF)
     OBUF:I->O                 3.272          MOSI_OBUF (MOSI)
    ----------------------------------------
    Total                      5.486ns (4.567ns logic, 0.919ns route)
                                       (83.2% logic, 16.8% route)

=========================================================================
Timing constraint: Default OFFSET OUT AFTER for Clock 'CONNECTION_FAILED_STATE'
  Total number of paths / destination ports: 8 / 8
-------------------------------------------------------------------------
Offset:              4.310ns (Levels of Logic = 1)
  Source:            RECEIVER_BUFFER/shift_register_0/dff1/Q (FF)
  Destination:       OUTCOMING_DATA<6> (PAD)
  Source Clock:      CONNECTION_FAILED_STATE rising

  Data Path: RECEIVER_BUFFER/shift_register_0/dff1/Q to OUTCOMING_DATA<6>
                                Gate     Net
    Cell:in->out      fanout   Delay   Delay  Logical Name (Net Name)
    ----------------------------------------  ------------
     FDCP:C->Q             2   0.591   0.447  RECEIVER_BUFFER/shift_register_0/dff1/Q (RECEIVER_BUFFER/shift_register_0/dff1/Q)
     OBUFT:I->O                3.272          OUTCOMING_DATA_6_OBUFT (OUTCOMING_DATA<6>)
    ----------------------------------------
    Total                      4.310ns (3.863ns logic, 0.447ns route)
                                       (89.6% logic, 10.4% route)

=========================================================================
Timing constraint: Default path analysis
  Total number of paths / destination ports: 9 / 9
-------------------------------------------------------------------------
Delay:               6.398ns (Levels of Logic = 3)
  Source:            READ (PAD)
  Destination:       OUTCOMING_DATA<7> (PAD)

  Data Path: READ to OUTCOMING_DATA<7>
                                Gate     Net
    Cell:in->out      fanout   Delay   Delay  Logical Name (Net Name)
    ----------------------------------------  ------------
     IBUF:I->O             2   1.218   0.447  READ_IBUF (READ_IBUF1)
     INV:I->O              8   0.704   0.757  READ_inv1_INV_0 (READ_inv)
     OBUFT:T->O                3.272          OUTCOMING_DATA_7_OBUFT (OUTCOMING_DATA<7>)
    ----------------------------------------
    Total                      6.398ns (5.194ns logic, 1.204ns route)
                                       (81.2% logic, 18.8% route)

=========================================================================


Total REAL time to Xst completion: 4.00 secs
Total CPU time to Xst completion: 3.20 secs
 
--> 


Total memory usage is 525388 kilobytes

Number of errors   :    0 (   0 filtered)
Number of warnings :   53 (   0 filtered)
Number of infos    :    2 (   0 filtered)

