#! /usr/bin/vvp
:ivl_version "11.0 (stable)";
:ivl_delay_selection "TYPICAL";
:vpi_time_precision - 12;
:vpi_module "/usr/lib/x86_64-linux-gnu/ivl/system.vpi";
:vpi_module "/usr/lib/x86_64-linux-gnu/ivl/vhdl_sys.vpi";
:vpi_module "/usr/lib/x86_64-linux-gnu/ivl/vhdl_textio.vpi";
:vpi_module "/usr/lib/x86_64-linux-gnu/ivl/v2005_math.vpi";
:vpi_module "/usr/lib/x86_64-linux-gnu/ivl/va_math.vpi";
S_0x59a8b41741f0 .scope module, "CLK_GEN" "CLK_GEN" 2 2;
 .timescale -9 -12;
    .port_info 0 /INPUT 32 "FACTOR";
    .port_info 1 /OUTPUT 1 "CLK";
v0x59a8b4175750_0 .var "CLK", 0 0;
o0x7e3e42ea1048 .functor BUFZ 32, C4<zzzzzzzzzzzzzzzzzzzzzzzzzzzzzzzz>; HiZ drive
v0x59a8b4175bb0_0 .net "FACTOR", 31 0, o0x7e3e42ea1048;  0 drivers
v0x59a8b4175fa0_0 .var *"_ivl_0", 0 0; Local signal
v0x59a8b41bc1d0_0 .var "temp", 32 0;
    .scope S_0x59a8b41741f0;
T_0 ;
    %pushi/vec4 0, 0, 1;
    %store/vec4 v0x59a8b4175750_0, 0, 1;
    %load/vec4 v0x59a8b4175bb0_0;
    %pad/u 33;
    %store/vec4 v0x59a8b41bc1d0_0, 0, 33;
T_0.0 ;
    %load/vec4 v0x59a8b41bc1d0_0;
    %cmpi/u 0, 0, 33;
    %flag_or 5, 4; GT is !LE
    %flag_inv 5;
    %jmp/0xz T_0.1, 5;
    %load/vec4 v0x59a8b4175750_0;
    %inv;
    %store/vec4 v0x59a8b4175fa0_0, 0, 1;
    %pushi/vec4 5000, 0, 64;
    %ix/vec4 4;
    %delayx 4;
    %load/vec4 v0x59a8b4175fa0_0;
    %store/vec4 v0x59a8b4175750_0, 0, 1;
    %load/vec4 v0x59a8b41bc1d0_0;
    %subi 1, 0, 33;
    %store/vec4 v0x59a8b41bc1d0_0, 0, 33;
    %jmp T_0.0;
T_0.1 ;
    %end;
    .thread T_0;
# The file index is used to find the file name in the following table.
:file_names 3;
    "N/A";
    "<interactive>";
    "clk_gen.v";
