#! /usr/bin/vvp
:ivl_version "11.0 (stable)";
:ivl_delay_selection "TYPICAL";
:vpi_time_precision - 11;
:vpi_module "/usr/lib/x86_64-linux-gnu/ivl/system.vpi";
:vpi_module "/usr/lib/x86_64-linux-gnu/ivl/vhdl_sys.vpi";
:vpi_module "/usr/lib/x86_64-linux-gnu/ivl/vhdl_textio.vpi";
:vpi_module "/usr/lib/x86_64-linux-gnu/ivl/v2005_math.vpi";
:vpi_module "/usr/lib/x86_64-linux-gnu/ivl/va_math.vpi";
S_0x5f20bb25f5e0 .scope module, "CONTROL_COMBINATION" "CONTROL_COMBINATION" 2 3;
 .timescale -11 -11;
    .port_info 0 /INPUT 1 "CLK";
    .port_info 1 /INPUT 1 "CLR";
    .port_info 2 /INPUT 8 "CONTROL";
    .port_info 3 /INPUT 1 "WRITE";
    .port_info 4 /INPUT 1 "READ";
    .port_info 5 /INPUT 8 "STATUS";
    .port_info 6 /INPUT 1 "MS_MODE";
    .port_info 7 /OUTPUT 1 "SENDER_BUFFER_FULL_STATE";
    .port_info 8 /OUTPUT 1 "SENDER_BUFFER_SH_LD";
    .port_info 9 /OUTPUT 1 "RECEIVER_BUFFER_FULL_STATE";
    .port_info 10 /OUTPUT 1 "RECEIVER_BUFFER_SH_LD";
    .port_info 11 /INPUT 1 "SENDER_FULL_STATE";
    .port_info 12 /INPUT 1 "SENDER_EMPTY_STATE";
    .port_info 13 /OUTPUT 1 "SENDER_CLK";
    .port_info 14 /OUTPUT 1 "SENDER_CLR";
    .port_info 15 /OUTPUT 1 "SENDER_WRITE";
    .port_info 16 /OUTPUT 1 "TE";
    .port_info 17 /INPUT 1 "RECEIVER_FULL_STATE";
    .port_info 18 /INPUT 1 "RECEIVER_EMPTY_STATE";
    .port_info 19 /OUTPUT 1 "RECEIVER_CLK";
    .port_info 20 /OUTPUT 1 "RECEIVER_CLR";
    .port_info 21 /OUTPUT 1 "RE";
    .port_info 22 /OUTPUT 1 "RECEIVER_READ";
    .port_info 23 /INOUT 1 "CS";
o0x7574a86e8078 .functor BUFZ 8, C4<zzzzzzzz>; HiZ drive
L_0x5f20bb29a5f0 .functor BUFZ 8, o0x7574a86e8078, C4<00000000>, C4<00000000>, C4<00000000>;
o0x7574a86e8018 .functor BUFZ 1, C4<z>; HiZ drive
L_0x5f20bb29a680 .functor BUFZ 1, o0x7574a86e8018, C4<0>, C4<0>, C4<0>;
o0x7574a86e8048 .functor BUFZ 1, C4<z>; HiZ drive
L_0x5f20bb29a6f0 .functor OR 1, o0x7574a86e8048, v0x5f20bb298ff0_0, C4<0>, C4<0>;
L_0x5f20bb29a7c0 .functor BUFZ 1, o0x7574a86e8018, C4<0>, C4<0>, C4<0>;
L_0x5f20bb29a890 .functor BUFZ 1, o0x7574a86e8048, C4<0>, C4<0>, C4<0>;
o0x7574a86e8528 .functor BUFZ 1, C4<z>; HiZ drive
L_0x5f20bb29a950 .functor NOT 1, o0x7574a86e8528, C4<0>, C4<0>, C4<0>;
L_0x7574a869f0f0 .functor BUFT 1, C4<1>, C4<0>, C4<0>, C4<0>;
L_0x5f20bb29aa30 .functor XNOR 1, v0x5f20bb2993d0_0, L_0x7574a869f0f0, C4<0>, C4<0>;
L_0x5f20bb29ab00 .functor XNOR 1, v0x5f20bb298630_0, L_0x7574a869f0f0, C4<0>, C4<0>;
L_0x5f20bb29ac70 .functor OR 1, L_0x5f20bb29aa30, L_0x5f20bb29ab00, C4<0>, C4<0>;
L_0x7574a869f018 .functor BUFT 1, C4<00000001>, C4<0>, C4<0>, C4<0>;
L_0x5f20bb29ad80 .functor AND 8, o0x7574a86e8078, L_0x7574a869f018, C4<11111111>, C4<11111111>;
L_0x5f20bb29afe0 .functor AND 1, L_0x5f20bb29ac70, L_0x5f20bb29aef0, C4<1>, C4<1>;
v0x5f20bb2373a0_0 .net "CLK", 0 0, o0x7574a86e8018;  0 drivers
v0x5f20bb2980d0_0 .net "CLR", 0 0, o0x7574a86e8048;  0 drivers
v0x5f20bb298190_0 .net "CONTROL", 7 0, o0x7574a86e8078;  0 drivers
v0x5f20bb298250_0 .net "CS", 0 0, L_0x5f20bb29b0f0;  1 drivers
v0x5f20bb298310_0 .net "HIGH", 0 0, L_0x7574a869f0f0;  1 drivers
v0x5f20bb2983d0_0 .net "LOCAL_CONTROL", 7 0, L_0x5f20bb29a5f0;  1 drivers
L_0x7574a869f0a8 .functor BUFT 1, C4<0>, C4<0>, C4<0>, C4<0>;
v0x5f20bb2984b0_0 .net "LOW", 0 0, L_0x7574a869f0a8;  1 drivers
o0x7574a86e8168 .functor BUFZ 1, C4<z>; HiZ drive
v0x5f20bb298570_0 .net "MS_MODE", 0 0, o0x7574a86e8168;  0 drivers
v0x5f20bb298630_0 .var "RE", 0 0;
o0x7574a86e81c8 .functor BUFZ 1, C4<z>; HiZ drive
v0x5f20bb2986f0_0 .net "READ", 0 0, o0x7574a86e81c8;  0 drivers
v0x5f20bb2987b0_0 .var "RECEIVER_BUFFER_FULL_STATE", 0 0;
v0x5f20bb298870_0 .var "RECEIVER_BUFFER_SH_LD", 0 0;
v0x5f20bb298930_0 .net "RECEIVER_CLK", 0 0, L_0x5f20bb29a7c0;  1 drivers
v0x5f20bb2989f0_0 .net "RECEIVER_CLR", 0 0, L_0x5f20bb29a890;  1 drivers
o0x7574a86e82b8 .functor BUFZ 1, C4<z>; HiZ drive
v0x5f20bb298ab0_0 .net "RECEIVER_EMPTY_STATE", 0 0, o0x7574a86e82b8;  0 drivers
o0x7574a86e82e8 .functor BUFZ 1, C4<z>; HiZ drive
v0x5f20bb298b70_0 .net "RECEIVER_FULL_STATE", 0 0, o0x7574a86e82e8;  0 drivers
v0x5f20bb298c30_0 .var "RECEIVER_READ", 0 0;
v0x5f20bb298cf0_0 .var "SENDER_BUFFER_FULL_STATE", 0 0;
v0x5f20bb298db0_0 .net "SENDER_BUFFER_SH_LD", 0 0, L_0x5f20bb29a950;  1 drivers
v0x5f20bb298e70_0 .net "SENDER_CLK", 0 0, L_0x5f20bb29a680;  1 drivers
v0x5f20bb298f30_0 .net "SENDER_CLR", 0 0, L_0x5f20bb29a6f0;  1 drivers
v0x5f20bb298ff0_0 .var "SENDER_CLR_FROM_BUFFER", 0 0;
o0x7574a86e8438 .functor BUFZ 1, C4<z>; HiZ drive
v0x5f20bb2990b0_0 .net "SENDER_EMPTY_STATE", 0 0, o0x7574a86e8438;  0 drivers
o0x7574a86e8468 .functor BUFZ 1, C4<z>; HiZ drive
v0x5f20bb299170_0 .net "SENDER_FULL_STATE", 0 0, o0x7574a86e8468;  0 drivers
v0x5f20bb299230_0 .var "SENDER_WRITE", 0 0;
o0x7574a86e84c8 .functor BUFZ 8, C4<zzzzzzzz>; HiZ drive
v0x5f20bb2992f0_0 .net "STATUS", 7 0, o0x7574a86e84c8;  0 drivers
v0x5f20bb2993d0_0 .var "TE", 0 0;
v0x5f20bb299490_0 .net "WRITE", 0 0, o0x7574a86e8528;  0 drivers
v0x5f20bb299550_0 .net *"_ivl_12", 0 0, L_0x5f20bb29aa30;  1 drivers
v0x5f20bb299610_0 .net *"_ivl_14", 0 0, L_0x5f20bb29ab00;  1 drivers
v0x5f20bb2996d0_0 .net *"_ivl_17", 0 0, L_0x5f20bb29ac70;  1 drivers
v0x5f20bb299790_0 .net/2u *"_ivl_18", 7 0, L_0x7574a869f018;  1 drivers
v0x5f20bb299870_0 .net *"_ivl_20", 7 0, L_0x5f20bb29ad80;  1 drivers
L_0x7574a869f060 .functor BUFT 1, C4<00000000>, C4<0>, C4<0>, C4<0>;
v0x5f20bb299b60_0 .net/2u *"_ivl_22", 7 0, L_0x7574a869f060;  1 drivers
v0x5f20bb299c40_0 .net *"_ivl_24", 0 0, L_0x5f20bb29aef0;  1 drivers
v0x5f20bb299d00_0 .net *"_ivl_27", 0 0, L_0x5f20bb29afe0;  1 drivers
v0x5f20bb299dc0_0 .net *"_ivl_41", 0 0, L_0x5f20bb29b230;  1 drivers
v0x5f20bb299ea0_0 .net *"_ivl_44", 0 0, L_0x5f20bb29b2d0;  1 drivers
v0x5f20bb299f80_0 .net *"_ivl_47", 0 0, L_0x5f20bb29b3d0;  1 drivers
v0x5f20bb29a060_0 .net *"_ivl_55", 0 0, L_0x5f20bb29b470;  1 drivers
v0x5f20bb29a140_0 .net *"_ivl_58", 0 0, L_0x5f20bb29b610;  1 drivers
E_0x5f20bb271fb0 .event edge, L_0x5f20bb29b610, L_0x5f20bb29b470, v0x5f20bb2986f0_0;
E_0x5f20bb2706d0 .event edge, v0x5f20bb298b70_0, v0x5f20bb2986f0_0;
E_0x5f20bb272270 .event edge, L_0x5f20bb29b3d0, L_0x5f20bb29b2d0, L_0x5f20bb29b230, v0x5f20bb299490_0;
E_0x5f20bb270020 .event edge, v0x5f20bb2373a0_0, v0x5f20bb2990b0_0, v0x5f20bb299490_0;
L_0x5f20bb29aef0 .cmp/ne 8, L_0x5f20bb29ad80, L_0x7574a869f060;
L_0x5f20bb29b0f0 .functor MUXZ 1, L_0x7574a869f0f0, L_0x7574a869f0a8, L_0x5f20bb29afe0, C4<>;
L_0x5f20bb29b230 .part o0x7574a86e84c8, 1, 1;
L_0x5f20bb29b2d0 .part o0x7574a86e84c8, 7, 1;
L_0x5f20bb29b3d0 .part o0x7574a86e84c8, 7, 1;
L_0x5f20bb29b470 .part o0x7574a86e84c8, 2, 1;
L_0x5f20bb29b610 .part o0x7574a86e84c8, 7, 1;
    .scope S_0x5f20bb25f5e0;
T_0 ;
    %load/vec4 v0x5f20bb2984b0_0;
    %store/vec4 v0x5f20bb298ff0_0, 0, 1;
    %load/vec4 v0x5f20bb2984b0_0;
    %store/vec4 v0x5f20bb298cf0_0, 0, 1;
    %load/vec4 v0x5f20bb2984b0_0;
    %store/vec4 v0x5f20bb299230_0, 0, 1;
    %load/vec4 v0x5f20bb2984b0_0;
    %store/vec4 v0x5f20bb298630_0, 0, 1;
    %load/vec4 v0x5f20bb2984b0_0;
    %store/vec4 v0x5f20bb2987b0_0, 0, 1;
    %load/vec4 v0x5f20bb298310_0;
    %store/vec4 v0x5f20bb298870_0, 0, 1;
    %load/vec4 v0x5f20bb2984b0_0;
    %store/vec4 v0x5f20bb298c30_0, 0, 1;
    %load/vec4 v0x5f20bb2984b0_0;
    %store/vec4 v0x5f20bb2993d0_0, 0, 1;
    %end;
    .thread T_0;
    .scope S_0x5f20bb25f5e0;
T_1 ;
    %wait E_0x5f20bb270020;
    %load/vec4 v0x5f20bb299490_0;
    %load/vec4 v0x5f20bb298310_0;
    %cmp/e;
    %jmp/0xz  T_1.0, 4;
    %load/vec4 v0x5f20bb298310_0;
    %store/vec4 v0x5f20bb298cf0_0, 0, 1;
    %jmp T_1.1;
T_1.0 ;
    %load/vec4 v0x5f20bb2990b0_0;
    %load/vec4 v0x5f20bb298310_0;
    %cmp/e;
    %jmp/0xz  T_1.2, 4;
    %load/vec4 v0x5f20bb298cf0_0;
    %load/vec4 v0x5f20bb298310_0;
    %cmp/e;
    %jmp/0xz  T_1.4, 4;
    %delay 5, 0;
    %load/vec4 v0x5f20bb2984b0_0;
    %store/vec4 v0x5f20bb298cf0_0, 0, 1;
    %load/vec4 v0x5f20bb2990b0_0;
    %load/vec4 v0x5f20bb298310_0;
    %and;
    %store/vec4 v0x5f20bb299230_0, 0, 1;
    %delay 30, 0;
    %jmp T_1.5;
T_1.4 ;
    %load/vec4 v0x5f20bb2984b0_0;
    %store/vec4 v0x5f20bb299230_0, 0, 1;
T_1.5 ;
    %jmp T_1.3;
T_1.2 ;
    %vpi_call 2 46 "$display", "*SENDER_WRITE : Off" {0 0 0};
    %load/vec4 v0x5f20bb298cf0_0;
    %store/vec4 v0x5f20bb298cf0_0, 0, 1;
    %delay 5, 0;
    %load/vec4 v0x5f20bb2984b0_0;
    %store/vec4 v0x5f20bb299230_0, 0, 1;
T_1.3 ;
T_1.1 ;
    %jmp T_1;
    .thread T_1, $push;
    .scope S_0x5f20bb25f5e0;
T_2 ;
    %wait E_0x5f20bb272270;
    %load/vec4 v0x5f20bb2992f0_0;
    %parti/s 1, 7, 4;
    %pad/u 32;
    %cmpi/e 1, 0, 32;
    %jmp/0xz  T_2.0, 4;
    %load/vec4 v0x5f20bb2984b0_0;
    %store/vec4 v0x5f20bb2993d0_0, 0, 1;
    %jmp T_2.1;
T_2.0 ;
    %load/vec4 v0x5f20bb2983d0_0;
    %parti/s 1, 4, 4;
    %load/vec4 v0x5f20bb298310_0;
    %cmp/e;
    %flag_get/vec4 4;
    %load/vec4 v0x5f20bb2992f0_0;
    %parti/s 1, 1, 2;
    %load/vec4 v0x5f20bb298310_0;
    %cmp/e;
    %flag_get/vec4 4;
    %and;
    %flag_set/vec4 8;
    %jmp/0xz  T_2.2, 8;
    %load/vec4 v0x5f20bb2984b0_0;
    %store/vec4 v0x5f20bb2993d0_0, 0, 1;
    %jmp T_2.3;
T_2.2 ;
    %load/vec4 v0x5f20bb2983d0_0;
    %parti/s 1, 1, 2;
    %load/vec4 v0x5f20bb298310_0;
    %cmp/e;
    %flag_get/vec4 4;
    %load/vec4 v0x5f20bb2992f0_0;
    %parti/s 1, 3, 3;
    %load/vec4 v0x5f20bb298310_0;
    %cmp/e;
    %flag_get/vec4 4;
    %and;
    %flag_set/vec4 8;
    %jmp/0xz  T_2.4, 8;
    %load/vec4 v0x5f20bb2984b0_0;
    %store/vec4 v0x5f20bb2993d0_0, 0, 1;
    %jmp T_2.5;
T_2.4 ;
    %load/vec4 v0x5f20bb2983d0_0;
    %parti/s 1, 2, 3;
    %store/vec4 v0x5f20bb2993d0_0, 0, 1;
T_2.5 ;
T_2.3 ;
T_2.1 ;
    %jmp T_2;
    .thread T_2, $push;
    .scope S_0x5f20bb25f5e0;
T_3 ;
    %wait E_0x5f20bb2706d0;
    %load/vec4 v0x5f20bb2986f0_0;
    %load/vec4 v0x5f20bb298310_0;
    %cmp/e;
    %jmp/0xz  T_3.0, 4;
    %load/vec4 v0x5f20bb2984b0_0;
    %store/vec4 v0x5f20bb2987b0_0, 0, 1;
    %jmp T_3.1;
T_3.0 ;
    %load/vec4 v0x5f20bb298b70_0;
    %load/vec4 v0x5f20bb298310_0;
    %cmp/e;
    %flag_get/vec4 4;
    %load/vec4 v0x5f20bb2987b0_0;
    %load/vec4 v0x5f20bb2984b0_0;
    %cmp/e;
    %flag_get/vec4 4;
    %and;
    %flag_set/vec4 8;
    %jmp/0xz  T_3.2, 8;
    %delay 5, 0;
    %load/vec4 v0x5f20bb298310_0;
    %store/vec4 v0x5f20bb2987b0_0, 0, 1;
    %load/vec4 v0x5f20bb298310_0;
    %store/vec4 v0x5f20bb298870_0, 0, 1;
    %load/vec4 v0x5f20bb298310_0;
    %store/vec4 v0x5f20bb298c30_0, 0, 1;
    %delay 30, 0;
    %jmp T_3.3;
T_3.2 ;
    %load/vec4 v0x5f20bb2987b0_0;
    %store/vec4 v0x5f20bb2987b0_0, 0, 1;
    %load/vec4 v0x5f20bb2984b0_0;
    %store/vec4 v0x5f20bb298c30_0, 0, 1;
    %load/vec4 v0x5f20bb2984b0_0;
    %store/vec4 v0x5f20bb298870_0, 0, 1;
    %delay 30, 0;
T_3.3 ;
T_3.1 ;
    %jmp T_3;
    .thread T_3, $push;
    .scope S_0x5f20bb25f5e0;
T_4 ;
    %wait E_0x5f20bb271fb0;
    %load/vec4 v0x5f20bb2983d0_0;
    %parti/s 1, 0, 2;
    %load/vec4 v0x5f20bb298310_0;
    %cmp/e;
    %flag_get/vec4 4;
    %load/vec4 v0x5f20bb2992f0_0;
    %parti/s 1, 2, 3;
    %load/vec4 v0x5f20bb298310_0;
    %cmp/e;
    %flag_get/vec4 4;
    %and;
    %flag_set/vec4 8;
    %jmp/0xz  T_4.0, 8;
    %load/vec4 v0x5f20bb2984b0_0;
    %store/vec4 v0x5f20bb298630_0, 0, 1;
    %jmp T_4.1;
T_4.0 ;
    %load/vec4 v0x5f20bb2983d0_0;
    %parti/s 1, 5, 4;
    %load/vec4 v0x5f20bb298310_0;
    %cmp/e;
    %flag_get/vec4 4;
    %load/vec4 v0x5f20bb2992f0_0;
    %parti/s 1, 7, 4;
    %and;
    %flag_set/vec4 8;
    %jmp/0xz  T_4.2, 8;
    %load/vec4 v0x5f20bb2984b0_0;
    %store/vec4 v0x5f20bb298630_0, 0, 1;
    %jmp T_4.3;
T_4.2 ;
    %load/vec4 v0x5f20bb2983d0_0;
    %parti/s 1, 6, 4;
    %store/vec4 v0x5f20bb298630_0, 0, 1;
T_4.3 ;
T_4.1 ;
    %jmp T_4;
    .thread T_4, $push;
# The file index is used to find the file name in the following table.
:file_names 3;
    "N/A";
    "<interactive>";
    "control.v";
