Command line:
   SPI_Interface_isim_beh.exe
     -simmode  gui
     -simrunnum  0
     -socket  42059

Sat Apr 13 19:48:24 2024


 Elaboration Time: 0.02 sec

 Current Memory Usage: 185.233 Meg

 Total Signals          : 363
 Total Nets             : 335
 Total Signal Drivers   : 228
 Total Blocks           : 50
 Total Primitive Blocks : 35
 Total Processes        : 311
 Total Traceable Variables  : 62
 Total Scalar Nets and Variables : 472
Total Line Count : 491

 Total Simulation Time: 0.17 sec

 Current Memory Usage: 260.735 Meg

Sat Apr 13 19:51:30 2024

